0 info it worked if it ends with ok
1 verbose cli [ 'x:\\Program Files (x86)\\nodejs\\node.exe',
1 verbose cli   'x:\\Program Files (x86)\\nodejs\\node_modules\\npm\\bin\\npm-cli.js',
1 verbose cli   'run',
1 verbose cli   'dev' ]
2 info using npm@3.10.10
3 info using node@v6.11.4
4 verbose stack Error: missing script: dev
4 verbose stack     at run (x:\Program Files (x86)\nodejs\node_modules\npm\lib\run-script.js:151:19)
4 verbose stack     at x:\Program Files (x86)\nodejs\node_modules\npm\lib\run-script.js:61:5
4 verbose stack     at x:\Program Files (x86)\nodejs\node_modules\npm\node_modules\read-package-json\read-json.js:356:5
4 verbose stack     at checkBinReferences_ (x:\Program Files (x86)\nodejs\node_modules\npm\node_modules\read-package-json\read-json.js:320:45)
4 verbose stack     at final (x:\Program Files (x86)\nodejs\node_modules\npm\node_modules\read-package-json\read-json.js:354:3)
4 verbose stack     at then (x:\Program Files (x86)\nodejs\node_modules\npm\node_modules\read-package-json\read-json.js:124:5)
4 verbose stack     at ReadFileContext.<anonymous> (x:\Program Files (x86)\nodejs\node_modules\npm\node_modules\read-package-json\read-json.js:295:20)
4 verbose stack     at ReadFileContext.callback (x:\Program Files (x86)\nodejs\node_modules\npm\node_modules\graceful-fs\graceful-fs.js:78:16)
4 verbose stack     at FSReqWrap.readFileAfterOpen [as oncomplete] (fs.js:367:13)
5 verbose cwd C:\xunlian\Vue\vue-cli
6 error Windows_NT 10.0.16299
7 error argv "x:\\Program Files (x86)\\nodejs\\node.exe" "x:\\Program Files (x86)\\nodejs\\node_modules\\npm\\bin\\npm-cli.js" "run" "dev"
8 error node v6.11.4
9 error npm  v3.10.10
10 error missing script: dev
11 error If you need help, you may report this error at:
11 error     <https://github.com/npm/npm/issues>
12 verbose exit [ 1, true ]
